<?xml version="1.0" encoding="UTF-8"?>
<!-- Generated by org.testng.reporters.JUnitXMLReporter -->
<testsuite ignored="0" hostname="DESKTOP-T49I1C9" failures="0" tests="3" name="Test" time="25.842" errors="0" timestamp="2021-03-04T11:47:55 IST">
  <testcase classname="E2E.E2EFrameWork.TextChecker" name="Text" time="4.523"/>
  <testcase classname="E2E.E2EFrameWork.Login" name="LoginPage" time="8.256"/>
  <testcase classname="E2E.E2EFrameWork.Login" name="LoginPage" time="6.014"/>
</testsuite> <!-- Test -->
