<?xml version="1.0" encoding="UTF-8"?>
<!-- Generated by org.testng.reporters.JUnitXMLReporter -->
<testsuite hostname="DESKTOP-T49I1C9" ignored="0" name="Test" tests="3" failures="0" timestamp="2021-03-04T13:02:53 IST" time="23.595" errors="0">
  <testcase name="Text" time="0.132" classname="E2E.E2EFrameWork.TextChecker"/>
  <testcase name="LoginPage" time="8.995" classname="E2E.E2EFrameWork.Login"/>
  <testcase name="LoginPage" time="7.063" classname="E2E.E2EFrameWork.Login"/>
</testsuite> <!-- Test -->
