<?xml version="1.0" encoding="UTF-8"?>
<!-- Generated by org.testng.reporters.JUnitXMLReporter -->
<testsuite ignored="0" hostname="DESKTOP-T49I1C9" failures="1" tests="1" name="TextTest" time="16.563" errors="0" timestamp="08 Mar 2021 07:09:50 GMT">
  <testcase classname="E2E.E2EFrameWork.TextChecker" name="Text" time="0.129">
    <failure type="java.lang.AssertionError" message="expected [Featured Courseses] but found [Featured Courses]">
      <![CDATA[java.lang.AssertionError: expected [Featured Courseses] but found [Featured Courses]
at E2E.E2EFrameWork.TextChecker.Text(TextChecker.java:37)
at java.base/java.util.concurrent.FutureTask.run(FutureTask.java:264)
at java.base/java.util.concurrent.ThreadPoolExecutor.runWorker(ThreadPoolExecutor.java:1130)
at java.base/java.util.concurrent.ThreadPoolExecutor$Worker.run(ThreadPoolExecutor.java:630)
at java.base/java.lang.Thread.run(Thread.java:832)
... Removed 22 stack frames]]>
    </failure>
  </testcase> <!-- Text -->
</testsuite> <!-- TextTest -->
