<?xml version="1.0" encoding="UTF-8"?>
<testng-results skipped="0" failed="0" ignored="0" total="1" passed="1">
  <reporter-output>
  </reporter-output>
  <suite name="Suite" duration-ms="31698" started-at="2021-04-15T10:37:23Z" finished-at="2021-04-15T10:37:55Z">
    <groups>
      <group name="cucumber">
        <method signature="AbstractTestNGCucumberTests.feature(cucumber.api.testng.CucumberFeatureWrapper)[pri:0, instance:cucumberOptions.TestRunner@69fb6037]" name="feature" class="cucumber.api.testng.AbstractTestNGCucumberTests"/>
      </group> <!-- cucumber -->
    </groups>
    <test name="LoginTest" duration-ms="31698" started-at="2021-04-15T10:37:23Z" finished-at="2021-04-15T10:37:55Z">
      <class name="cucumberOptions.TestRunner">
        <test-method status="PASS" signature="setUpClass()[pri:0, instance:cucumberOptions.TestRunner@69fb6037]" name="setUpClass" is-config="true" duration-ms="333" started-at="2021-04-15T10:37:23Z" finished-at="2021-04-15T10:37:24Z">
          <reporter-output>
          </reporter-output>
        </test-method> <!-- setUpClass -->
        <test-method status="PASS" signature="feature(cucumber.api.testng.CucumberFeatureWrapper)[pri:0, instance:cucumberOptions.TestRunner@69fb6037]" name="feature" duration-ms="31250" started-at="2021-04-15T10:37:24Z" description="Runs Cucumber Feature" data-provider="features" finished-at="2021-04-15T10:37:55Z">
          <params>
            <param index="0">
              <value>
                <![CDATA[login Checking]]>
              </value>
            </param>
          </params>
          <reporter-output>
          </reporter-output>
        </test-method> <!-- feature -->
        <test-method status="PASS" signature="tearDownClass()[pri:0, instance:cucumberOptions.TestRunner@69fb6037]" name="tearDownClass" is-config="true" duration-ms="9" started-at="2021-04-15T10:37:55Z" finished-at="2021-04-15T10:37:55Z">
          <reporter-output>
          </reporter-output>
        </test-method> <!-- tearDownClass -->
      </class> <!-- cucumberOptions.TestRunner -->
    </test> <!-- LoginTest -->
  </suite> <!-- Suite -->
</testng-results>
